 Sat Jan 13 2018 : /about : GET
 Sat Jan 13 2018 : /about : GET
 Sat Jan 13 2018 : /about : GET
 Sat Jan 13 2018 : /about : GET
 Sat Jan 13 2018 : /about : GET
 Sat Jan 13 2018 : /about : GET
 Sat Jan 13 2018 : /about : GET
 Sat Jan 13 2018 : /about : GET
 Sat Jan 13 2018 : /about : GET
 Sat Jan 13 2018 : /about : GET
 Sat Jan 13 2018 : /about : GET
 Sat Jan 13 2018 : /about : GET
 Sat Jan 13 2018 : /about : GET
 Sat Jan 13 2018 : /about : GET
 Sat Jan 13 2018 : /about : GET
 Sat Jan 13 2018 : /about : GET
 Sat Jan 13 2018 : /about : GET
 Sat Jan 13 2018 : /about : GET
 Sat Jan 13 2018 : /about : GET
 Sat Jan 13 2018 : /about : GET
 Sat Jan 13 2018 : /about : GET
 Sat Jan 13 2018 : /about : GET
 Sat Jan 13 2018 : / : GET
 Sat Jan 13 2018 : / : GET
 Sat Jan 13 2018 : / : GET
 Sat Jan 13 2018 : / : GET
 Sat Jan 13 2018 : / : GET
 Sat Jan 13 2018 : / : GET
 Sat Jan 13 2018 : / : GET
 Sat Jan 13 2018 : / : GET
 Sat Jan 13 2018 : / : GET
 Sat Jan 13 2018 : / : GET
 Sat Jan 13 2018 : / : GET
 Sun Jan 14 2018 : /about : GET
 Sun Jan 14 2018 : /favicon.ico : GET
 Sun Jan 14 2018 : / : GET
 Sun Jan 14 2018 : / : GET
 Sun Jan 14 2018 : /about : GET
 Sun Jan 14 2018 : /about : GET
 Sun Jan 14 2018 : / : GET
 Sun Jan 14 2018 : /about : GET
 Sun Jan 14 2018 : / : GET
 Sun Jan 14 2018 : /about : GET
 Sun Jan 14 2018 : / : GET
 Sun Jan 14 2018 : /about : GET
 Sun Jan 14 2018 : / : GET
 Sun Jan 14 2018 : /about : GET
